\BOOKMARK [0][]{chapter.1}{1 T\355nh cht cua chui thi gian}{}% 1
\BOOKMARK [1][]{section.1.1}{1.1 Chui thi gian}{chapter.1}% 2
\BOOKMARK [1][]{section.1.2}{1.2 T\355nh cht c trng cua chui thi gian}{chapter.1}% 3
\BOOKMARK [2][]{subsection.1.2.1}{1.2.1 T\355nh dng}{section.1.2}% 4
\BOOKMARK [2][]{subsection.1.2.2}{1.2.2 T\355nh tuyn t\355nh}{section.1.2}% 5
\BOOKMARK [2][]{subsection.1.2.3}{1.2.3 T\355nh xu hng}{section.1.2}% 6
\BOOKMARK [2][]{subsection.1.2.4}{1.2.4 T\355nh chu ky thi vu\(seasonality\)}{section.1.2}% 7
\BOOKMARK [1][]{section.1.3}{1.3 Ph\342n loai chui thi gian}{chapter.1}% 8
\BOOKMARK [1][]{section.1.4}{1.4 \320o \040phu thuc: T tng quan v\340 tng quan ch\351o}{chapter.1}% 9
\BOOKMARK [1][]{section.1.5}{1.5 Chui dng}{chapter.1}% 10
\BOOKMARK [2][]{subsection.1.5.1}{1.5.1 Chui dng v\340 t\355nh cht}{section.1.5}% 11
\BOOKMARK [2][]{subsection.1.5.2}{1.5.2 Kim tra chui dng}{section.1.5}% 12
\BOOKMARK [1][]{section.1.6}{1.6 B\340i to\341n d b\341o chui thi gian}{chapter.1}% 13
\BOOKMARK [2][]{subsection.1.6.1}{1.6.1 B\340i to\341n d b\341o}{section.1.6}% 14
\BOOKMARK [2][]{subsection.1.6.2}{1.6.2 B\340i to\341n ph\342n t\355ch chui thi gian v\340 d b\341o}{section.1.6}% 15
\BOOKMARK [0][]{chapter.2}{2 M\364 h\354nh ARIMA v\340 mt s m\364 h\354nh d b\341o kh\341c}{}% 16
\BOOKMARK [1][]{section.2.1}{2.1 M\364 h\354nh tuyn t\355nh ARIMA}{chapter.2}% 17
\BOOKMARK [2][]{subsection.2.1.1}{2.1.1 H\340m tng quan v\340 t tng quan}{section.2.1}% 18
\BOOKMARK [2][]{subsection.2.1.2}{2.1.2 Nhiu trng}{section.2.1}% 19
\BOOKMARK [2][]{subsection.2.1.3}{2.1.3 Qu\341 tr\354nh t hi quy AR}{section.2.1}% 20
\BOOKMARK [2][]{subsection.2.1.4}{2.1.4 Qu\341 tr\354nh trung b\354nh trt MA}{section.2.1}% 21
\BOOKMARK [2][]{subsection.2.1.5}{2.1.5 Qu\341 tr\354nh ARMA}{section.2.1}% 22
\BOOKMARK [2][]{subsection.2.1.6}{2.1.6 Phng tr\354nh sai ph\342n, kh xu hng}{section.2.1}% 23
\BOOKMARK [2][]{subsection.2.1.7}{2.1.7 M\364 h\354nh ARIMA cho chui kh\364ng c\363 t\355nh dng}{section.2.1}% 24
\BOOKMARK [1][]{section.2.2}{2.2 Box-jenkins}{chapter.2}% 25
\BOOKMARK [2][]{subsection.2.2.1}{2.2.1 X\341c inh m\364 h\354nh}{section.2.2}% 26
\BOOKMARK [2][]{subsection.2.2.2}{2.2.2 c lng tham s}{section.2.2}% 27
\BOOKMARK [2][]{subsection.2.2.3}{2.2.3 Kim inh m\364 h\354nh}{section.2.2}% 28
\BOOKMARK [2][]{subsection.2.2.4}{2.2.4 D b\341o}{section.2.2}% 29
\BOOKMARK [1][]{section.2.3}{2.3 Mt s m\364 h\354nh v\340 phng ph\341p kh\341c}{chapter.2}% 30
\BOOKMARK [2][]{subsection.2.3.1}{2.3.1 Phng ph\341p k-ngi l\341ng ging gn nht}{section.2.3}% 31
\BOOKMARK [2][]{subsection.2.3.2}{2.3.2 Markov Chains}{section.2.3}% 32
\BOOKMARK [2][]{subsection.2.3.3}{2.3.3 Mang n-ron nh\342n tao}{section.2.3}% 33
\BOOKMARK [2][]{subsection.2.3.4}{2.3.4 SVM}{section.2.3}% 34
\BOOKMARK [0][]{chapter*.27}{Tham khao}{}% 35
